Compiling the C compiler identification source file "CMakeCCompilerId.c" failed.
Compiler: /home/dieter/Development/xtensa-esp32-elf/bin/xtensa-esp32-elf-cc 
Build flags: 
Id flags:  

The output was:
1
/home/dieter/Development/xtensa-esp32-elf/bin/../lib/gcc/xtensa-esp32-elf/5.2.0/../../../../xtensa-esp32-elf/bin/ld: cannot find crt1-sim.o: No such file or directory
/home/dieter/Development/xtensa-esp32-elf/bin/../lib/gcc/xtensa-esp32-elf/5.2.0/../../../../xtensa-esp32-elf/bin/ld: cannot find _vectors.o: No such file or directory
/home/dieter/Development/xtensa-esp32-elf/bin/../lib/gcc/xtensa-esp32-elf/5.2.0/../../../../xtensa-esp32-elf/bin/ld: cannot find -lsim
/home/dieter/Development/xtensa-esp32-elf/bin/../lib/gcc/xtensa-esp32-elf/5.2.0/../../../../xtensa-esp32-elf/bin/ld: cannot find -lhandlers-sim
/home/dieter/Development/xtensa-esp32-elf/bin/../lib/gcc/xtensa-esp32-elf/5.2.0/../../../../xtensa-esp32-elf/bin/ld: cannot find -lhal
collect2: error: ld returned 1 exit status


Compiling the CXX compiler identification source file "CMakeCXXCompilerId.cpp" failed.
Compiler: /home/dieter/Development/xtensa-esp32-elf/bin/xtensa-esp32-elf-g++ 
Build flags: 
Id flags:  

The output was:
1
/home/dieter/Development/xtensa-esp32-elf/bin/../lib/gcc/xtensa-esp32-elf/5.2.0/../../../../xtensa-esp32-elf/bin/ld: cannot find crt1-sim.o: No such file or directory
/home/dieter/Development/xtensa-esp32-elf/bin/../lib/gcc/xtensa-esp32-elf/5.2.0/../../../../xtensa-esp32-elf/bin/ld: cannot find _vectors.o: No such file or directory
/home/dieter/Development/xtensa-esp32-elf/bin/../lib/gcc/xtensa-esp32-elf/5.2.0/../../../../xtensa-esp32-elf/bin/ld: cannot find -lsim
/home/dieter/Development/xtensa-esp32-elf/bin/../lib/gcc/xtensa-esp32-elf/5.2.0/../../../../xtensa-esp32-elf/bin/ld: cannot find -lhandlers-sim
/home/dieter/Development/xtensa-esp32-elf/bin/../lib/gcc/xtensa-esp32-elf/5.2.0/../../../../xtensa-esp32-elf/bin/ld: cannot find -lhal
collect2: error: ld returned 1 exit status


Determining if the C compiler works failed with the following output:
Change Dir: /home/dieter/Development/ProjektEi/CMakeFiles/CMakeTmp

Run Build Command:"/usr/bin/make" "cmTC_355ac/fast"
/usr/bin/make -f CMakeFiles/cmTC_355ac.dir/build.make CMakeFiles/cmTC_355ac.dir/build
make[1]: Entering directory '/home/dieter/Development/ProjektEi/CMakeFiles/CMakeTmp'
Building C object CMakeFiles/cmTC_355ac.dir/testCCompiler.c.o
/home/dieter/Development/xtensa-esp32-elf/bin/xtensa-esp32-elf-cc    -o CMakeFiles/cmTC_355ac.dir/testCCompiler.c.o   -c /home/dieter/Development/ProjektEi/CMakeFiles/CMakeTmp/testCCompiler.c
Linking C executable cmTC_355ac
/usr/bin/cmake -E cmake_link_script CMakeFiles/cmTC_355ac.dir/link.txt --verbose=1
/home/dieter/Development/xtensa-esp32-elf/bin/xtensa-esp32-elf-cc      -rdynamic CMakeFiles/cmTC_355ac.dir/testCCompiler.c.o  -o cmTC_355ac 
/home/dieter/Development/xtensa-esp32-elf/bin/../lib/gcc/xtensa-esp32-elf/5.2.0/../../../../xtensa-esp32-elf/bin/ld: cannot find crt1-sim.o: No such file or directory
/home/dieter/Development/xtensa-esp32-elf/bin/../lib/gcc/xtensa-esp32-elf/5.2.0/../../../../xtensa-esp32-elf/bin/ld: cannot find _vectors.o: No such file or directory
/home/dieter/Development/xtensa-esp32-elf/bin/../lib/gcc/xtensa-esp32-elf/5.2.0/../../../../xtensa-esp32-elf/bin/ld: cannot find -lsim
/home/dieter/Development/xtensa-esp32-elf/bin/../lib/gcc/xtensa-esp32-elf/5.2.0/../../../../xtensa-esp32-elf/bin/ld: cannot find -lhandlers-sim
/home/dieter/Development/xtensa-esp32-elf/bin/../lib/gcc/xtensa-esp32-elf/5.2.0/../../../../xtensa-esp32-elf/bin/ld: cannot find -lhal
collect2: error: ld returned 1 exit status
make[1]: *** [CMakeFiles/cmTC_355ac.dir/build.make:87: cmTC_355ac] Error 1
make[1]: Leaving directory '/home/dieter/Development/ProjektEi/CMakeFiles/CMakeTmp'
make: *** [Makefile:121: cmTC_355ac/fast] Error 2


Compiling the C compiler identification source file "CMakeCCompilerId.c" failed.
Compiler: /home/dieter/SoftwareDevelop/oxypoint-am/Prerequisites/xtensa/bin/xtensa-esp32-elf-cc 
Build flags: 
Id flags:  

The output was:
1
/home/dieter/SoftwareDevelop/oxypoint-am/Prerequisites/xtensa/bin/../lib/gcc/xtensa-esp32-elf/5.2.0/../../../../xtensa-esp32-elf/bin/ld: cannot find crt1-sim.o: No such file or directory
/home/dieter/SoftwareDevelop/oxypoint-am/Prerequisites/xtensa/bin/../lib/gcc/xtensa-esp32-elf/5.2.0/../../../../xtensa-esp32-elf/bin/ld: cannot find _vectors.o: No such file or directory
/home/dieter/SoftwareDevelop/oxypoint-am/Prerequisites/xtensa/bin/../lib/gcc/xtensa-esp32-elf/5.2.0/../../../../xtensa-esp32-elf/bin/ld: cannot find -lsim
/home/dieter/SoftwareDevelop/oxypoint-am/Prerequisites/xtensa/bin/../lib/gcc/xtensa-esp32-elf/5.2.0/../../../../xtensa-esp32-elf/bin/ld: cannot find -lhandlers-sim
/home/dieter/SoftwareDevelop/oxypoint-am/Prerequisites/xtensa/bin/../lib/gcc/xtensa-esp32-elf/5.2.0/../../../../xtensa-esp32-elf/bin/ld: cannot find -lhal
collect2: error: ld returned 1 exit status


Compiling the CXX compiler identification source file "CMakeCXXCompilerId.cpp" failed.
Compiler: /home/dieter/SoftwareDevelop/oxypoint-am/Prerequisites/xtensa/bin/xtensa-esp32-elf-g++ 
Build flags: 
Id flags:  

The output was:
1
/home/dieter/SoftwareDevelop/oxypoint-am/Prerequisites/xtensa/bin/../lib/gcc/xtensa-esp32-elf/5.2.0/../../../../xtensa-esp32-elf/bin/ld: cannot find crt1-sim.o: No such file or directory
/home/dieter/SoftwareDevelop/oxypoint-am/Prerequisites/xtensa/bin/../lib/gcc/xtensa-esp32-elf/5.2.0/../../../../xtensa-esp32-elf/bin/ld: cannot find _vectors.o: No such file or directory
/home/dieter/SoftwareDevelop/oxypoint-am/Prerequisites/xtensa/bin/../lib/gcc/xtensa-esp32-elf/5.2.0/../../../../xtensa-esp32-elf/bin/ld: cannot find -lsim
/home/dieter/SoftwareDevelop/oxypoint-am/Prerequisites/xtensa/bin/../lib/gcc/xtensa-esp32-elf/5.2.0/../../../../xtensa-esp32-elf/bin/ld: cannot find -lhandlers-sim
/home/dieter/SoftwareDevelop/oxypoint-am/Prerequisites/xtensa/bin/../lib/gcc/xtensa-esp32-elf/5.2.0/../../../../xtensa-esp32-elf/bin/ld: cannot find -lhal
collect2: error: ld returned 1 exit status


Determining if the C compiler works failed with the following output:
Change Dir: /home/dieter/SoftwareDevelop/others/dev_M5Stack/CMakeFiles/CMakeTmp

Run Build Command(s):/usr/bin/make cmTC_c439a/fast && /usr/bin/make -f CMakeFiles/cmTC_c439a.dir/build.make CMakeFiles/cmTC_c439a.dir/build
make[1]: Entering directory '/home/dieter/SoftwareDevelop/others/dev_M5Stack/CMakeFiles/CMakeTmp'
Building C object CMakeFiles/cmTC_c439a.dir/testCCompiler.c.o
/home/dieter/SoftwareDevelop/oxypoint-am/Prerequisites/xtensa/bin/xtensa-esp32-elf-cc    -o CMakeFiles/cmTC_c439a.dir/testCCompiler.c.o   -c /home/dieter/SoftwareDevelop/others/dev_M5Stack/CMakeFiles/CMakeTmp/testCCompiler.c
Linking C executable cmTC_c439a
/usr/bin/cmake -E cmake_link_script CMakeFiles/cmTC_c439a.dir/link.txt --verbose=1
/home/dieter/SoftwareDevelop/oxypoint-am/Prerequisites/xtensa/bin/xtensa-esp32-elf-cc      -rdynamic CMakeFiles/cmTC_c439a.dir/testCCompiler.c.o  -o cmTC_c439a 
/home/dieter/SoftwareDevelop/oxypoint-am/Prerequisites/xtensa/bin/../lib/gcc/xtensa-esp32-elf/5.2.0/../../../../xtensa-esp32-elf/bin/ld: cannot find crt1-sim.o: No such file or directory
/home/dieter/SoftwareDevelop/oxypoint-am/Prerequisites/xtensa/bin/../lib/gcc/xtensa-esp32-elf/5.2.0/../../../../xtensa-esp32-elf/bin/ld: cannot find _vectors.o: No such file or directory
/home/dieter/SoftwareDevelop/oxypoint-am/Prerequisites/xtensa/bin/../lib/gcc/xtensa-esp32-elf/5.2.0/../../../../xtensa-esp32-elf/bin/ld: cannot find -lsim
/home/dieter/SoftwareDevelop/oxypoint-am/Prerequisites/xtensa/bin/../lib/gcc/xtensa-esp32-elf/5.2.0/../../../../xtensa-esp32-elf/bin/ld: cannot find -lhandlers-sim
/home/dieter/SoftwareDevelop/oxypoint-am/Prerequisites/xtensa/bin/../lib/gcc/xtensa-esp32-elf/5.2.0/../../../../xtensa-esp32-elf/bin/ld: cannot find -lhal
collect2: error: ld returned 1 exit status
make[1]: *** [CMakeFiles/cmTC_c439a.dir/build.make:87: cmTC_c439a] Error 1
make[1]: Leaving directory '/home/dieter/SoftwareDevelop/others/dev_M5Stack/CMakeFiles/CMakeTmp'
make: *** [Makefile:121: cmTC_c439a/fast] Error 2



Compiling the C compiler identification source file "CMakeCCompilerId.c" failed.
Compiler: /home/dieter/SoftwareDevelop/oxypoint-am/Prerequisites/xtensa/bin/xtensa-esp32-elf-cc 
Build flags: 
Id flags:  

The output was:
1
/home/dieter/SoftwareDevelop/oxypoint-am/Prerequisites/xtensa/bin/../lib/gcc/xtensa-esp32-elf/5.2.0/../../../../xtensa-esp32-elf/bin/ld: cannot find crt1-sim.o: No such file or directory
/home/dieter/SoftwareDevelop/oxypoint-am/Prerequisites/xtensa/bin/../lib/gcc/xtensa-esp32-elf/5.2.0/../../../../xtensa-esp32-elf/bin/ld: cannot find _vectors.o: No such file or directory
/home/dieter/SoftwareDevelop/oxypoint-am/Prerequisites/xtensa/bin/../lib/gcc/xtensa-esp32-elf/5.2.0/../../../../xtensa-esp32-elf/bin/ld: cannot find -lsim
/home/dieter/SoftwareDevelop/oxypoint-am/Prerequisites/xtensa/bin/../lib/gcc/xtensa-esp32-elf/5.2.0/../../../../xtensa-esp32-elf/bin/ld: cannot find -lhandlers-sim
/home/dieter/SoftwareDevelop/oxypoint-am/Prerequisites/xtensa/bin/../lib/gcc/xtensa-esp32-elf/5.2.0/../../../../xtensa-esp32-elf/bin/ld: cannot find -lhal
collect2: error: ld returned 1 exit status


Compiling the CXX compiler identification source file "CMakeCXXCompilerId.cpp" failed.
Compiler: /home/dieter/SoftwareDevelop/oxypoint-am/Prerequisites/xtensa/bin/xtensa-esp32-elf-g++ 
Build flags: 
Id flags:  

The output was:
1
/home/dieter/SoftwareDevelop/oxypoint-am/Prerequisites/xtensa/bin/../lib/gcc/xtensa-esp32-elf/5.2.0/../../../../xtensa-esp32-elf/bin/ld: cannot find crt1-sim.o: No such file or directory
/home/dieter/SoftwareDevelop/oxypoint-am/Prerequisites/xtensa/bin/../lib/gcc/xtensa-esp32-elf/5.2.0/../../../../xtensa-esp32-elf/bin/ld: cannot find _vectors.o: No such file or directory
/home/dieter/SoftwareDevelop/oxypoint-am/Prerequisites/xtensa/bin/../lib/gcc/xtensa-esp32-elf/5.2.0/../../../../xtensa-esp32-elf/bin/ld: cannot find -lsim
/home/dieter/SoftwareDevelop/oxypoint-am/Prerequisites/xtensa/bin/../lib/gcc/xtensa-esp32-elf/5.2.0/../../../../xtensa-esp32-elf/bin/ld: cannot find -lhandlers-sim
/home/dieter/SoftwareDevelop/oxypoint-am/Prerequisites/xtensa/bin/../lib/gcc/xtensa-esp32-elf/5.2.0/../../../../xtensa-esp32-elf/bin/ld: cannot find -lhal
collect2: error: ld returned 1 exit status


Determining if the C compiler works failed with the following output:
Change Dir: /home/dieter/SoftwareDevelop/others/dev_M5Stack/CMakeFiles/CMakeTmp

Run Build Command(s):/usr/bin/make cmTC_192d9/fast && /usr/bin/make -f CMakeFiles/cmTC_192d9.dir/build.make CMakeFiles/cmTC_192d9.dir/build
make[1]: Entering directory '/home/dieter/SoftwareDevelop/others/dev_M5Stack/CMakeFiles/CMakeTmp'
Building C object CMakeFiles/cmTC_192d9.dir/testCCompiler.c.o
/home/dieter/SoftwareDevelop/oxypoint-am/Prerequisites/xtensa/bin/xtensa-esp32-elf-cc    -o CMakeFiles/cmTC_192d9.dir/testCCompiler.c.o   -c /home/dieter/SoftwareDevelop/others/dev_M5Stack/CMakeFiles/CMakeTmp/testCCompiler.c
Linking C executable cmTC_192d9
/usr/bin/cmake -E cmake_link_script CMakeFiles/cmTC_192d9.dir/link.txt --verbose=1
/home/dieter/SoftwareDevelop/oxypoint-am/Prerequisites/xtensa/bin/xtensa-esp32-elf-cc      CMakeFiles/cmTC_192d9.dir/testCCompiler.c.o  -o cmTC_192d9 
/home/dieter/SoftwareDevelop/oxypoint-am/Prerequisites/xtensa/bin/../lib/gcc/xtensa-esp32-elf/5.2.0/../../../../xtensa-esp32-elf/bin/ld: cannot find crt1-sim.o: No such file or directory
/home/dieter/SoftwareDevelop/oxypoint-am/Prerequisites/xtensa/bin/../lib/gcc/xtensa-esp32-elf/5.2.0/../../../../xtensa-esp32-elf/bin/ld: cannot find _vectors.o: No such file or directory
/home/dieter/SoftwareDevelop/oxypoint-am/Prerequisites/xtensa/bin/../lib/gcc/xtensa-esp32-elf/5.2.0/../../../../xtensa-esp32-elf/bin/ld: cannot find -lsim
/home/dieter/SoftwareDevelop/oxypoint-am/Prerequisites/xtensa/bin/../lib/gcc/xtensa-esp32-elf/5.2.0/../../../../xtensa-esp32-elf/bin/ld: cannot find -lhandlers-sim
/home/dieter/SoftwareDevelop/oxypoint-am/Prerequisites/xtensa/bin/../lib/gcc/xtensa-esp32-elf/5.2.0/../../../../xtensa-esp32-elf/bin/ld: cannot find -lhal
collect2: error: ld returned 1 exit status
make[1]: *** [CMakeFiles/cmTC_192d9.dir/build.make:87: cmTC_192d9] Error 1
make[1]: Leaving directory '/home/dieter/SoftwareDevelop/others/dev_M5Stack/CMakeFiles/CMakeTmp'
make: *** [Makefile:121: cmTC_192d9/fast] Error 2



Compiling the C compiler identification source file "CMakeCCompilerId.c" failed.
Compiler: /home/dieter/SoftwareDevelop/oxypoint-am/Prerequisites/xtensa/bin/xtensa-esp32-elf-gcc 
Build flags: 
Id flags:  

The output was:
1
/home/dieter/SoftwareDevelop/oxypoint-am/Prerequisites/xtensa/bin/../lib/gcc/xtensa-esp32-elf/5.2.0/../../../../xtensa-esp32-elf/bin/ld: cannot find crt1-sim.o: No such file or directory
/home/dieter/SoftwareDevelop/oxypoint-am/Prerequisites/xtensa/bin/../lib/gcc/xtensa-esp32-elf/5.2.0/../../../../xtensa-esp32-elf/bin/ld: cannot find _vectors.o: No such file or directory
/home/dieter/SoftwareDevelop/oxypoint-am/Prerequisites/xtensa/bin/../lib/gcc/xtensa-esp32-elf/5.2.0/../../../../xtensa-esp32-elf/bin/ld: cannot find -lsim
/home/dieter/SoftwareDevelop/oxypoint-am/Prerequisites/xtensa/bin/../lib/gcc/xtensa-esp32-elf/5.2.0/../../../../xtensa-esp32-elf/bin/ld: cannot find -lhandlers-sim
/home/dieter/SoftwareDevelop/oxypoint-am/Prerequisites/xtensa/bin/../lib/gcc/xtensa-esp32-elf/5.2.0/../../../../xtensa-esp32-elf/bin/ld: cannot find -lhal
collect2: error: ld returned 1 exit status


Compiling the CXX compiler identification source file "CMakeCXXCompilerId.cpp" failed.
Compiler: /home/dieter/SoftwareDevelop/oxypoint-am/Prerequisites/xtensa/bin/xtensa-esp32-elf-g++ 
Build flags: 
Id flags:  

The output was:
1
/home/dieter/SoftwareDevelop/oxypoint-am/Prerequisites/xtensa/bin/../lib/gcc/xtensa-esp32-elf/5.2.0/../../../../xtensa-esp32-elf/bin/ld: cannot find crt1-sim.o: No such file or directory
/home/dieter/SoftwareDevelop/oxypoint-am/Prerequisites/xtensa/bin/../lib/gcc/xtensa-esp32-elf/5.2.0/../../../../xtensa-esp32-elf/bin/ld: cannot find _vectors.o: No such file or directory
/home/dieter/SoftwareDevelop/oxypoint-am/Prerequisites/xtensa/bin/../lib/gcc/xtensa-esp32-elf/5.2.0/../../../../xtensa-esp32-elf/bin/ld: cannot find -lsim
/home/dieter/SoftwareDevelop/oxypoint-am/Prerequisites/xtensa/bin/../lib/gcc/xtensa-esp32-elf/5.2.0/../../../../xtensa-esp32-elf/bin/ld: cannot find -lhandlers-sim
/home/dieter/SoftwareDevelop/oxypoint-am/Prerequisites/xtensa/bin/../lib/gcc/xtensa-esp32-elf/5.2.0/../../../../xtensa-esp32-elf/bin/ld: cannot find -lhal
collect2: error: ld returned 1 exit status


Determining if the C compiler works failed with the following output:
Change Dir: /home/dieter/SoftwareDevelop/others/dev_M5Stack/CMakeFiles/CMakeTmp

Run Build Command(s):/usr/bin/make cmTC_3a587/fast && /usr/bin/make -f CMakeFiles/cmTC_3a587.dir/build.make CMakeFiles/cmTC_3a587.dir/build
make[1]: Entering directory '/home/dieter/SoftwareDevelop/others/dev_M5Stack/CMakeFiles/CMakeTmp'
Building C object CMakeFiles/cmTC_3a587.dir/testCCompiler.c.o
/home/dieter/SoftwareDevelop/oxypoint-am/Prerequisites/xtensa/bin/xtensa-esp32-elf-gcc    -o CMakeFiles/cmTC_3a587.dir/testCCompiler.c.o   -c /home/dieter/SoftwareDevelop/others/dev_M5Stack/CMakeFiles/CMakeTmp/testCCompiler.c
Linking C executable cmTC_3a587
/usr/bin/cmake -E cmake_link_script CMakeFiles/cmTC_3a587.dir/link.txt --verbose=1
/home/dieter/SoftwareDevelop/oxypoint-am/Prerequisites/xtensa/bin/xtensa-esp32-elf-gcc      CMakeFiles/cmTC_3a587.dir/testCCompiler.c.o  -o cmTC_3a587 
/home/dieter/SoftwareDevelop/oxypoint-am/Prerequisites/xtensa/bin/../lib/gcc/xtensa-esp32-elf/5.2.0/../../../../xtensa-esp32-elf/bin/ld: cannot find crt1-sim.o: No such file or directory
/home/dieter/SoftwareDevelop/oxypoint-am/Prerequisites/xtensa/bin/../lib/gcc/xtensa-esp32-elf/5.2.0/../../../../xtensa-esp32-elf/bin/ld: cannot find _vectors.o: No such file or directory
/home/dieter/SoftwareDevelop/oxypoint-am/Prerequisites/xtensa/bin/../lib/gcc/xtensa-esp32-elf/5.2.0/../../../../xtensa-esp32-elf/bin/ld: cannot find -lsim
/home/dieter/SoftwareDevelop/oxypoint-am/Prerequisites/xtensa/bin/../lib/gcc/xtensa-esp32-elf/5.2.0/../../../../xtensa-esp32-elf/bin/ld: cannot find -lhandlers-sim
/home/dieter/SoftwareDevelop/oxypoint-am/Prerequisites/xtensa/bin/../lib/gcc/xtensa-esp32-elf/5.2.0/../../../../xtensa-esp32-elf/bin/ld: cannot find -lhal
collect2: error: ld returned 1 exit status
make[1]: *** [CMakeFiles/cmTC_3a587.dir/build.make:87: cmTC_3a587] Error 1
make[1]: Leaving directory '/home/dieter/SoftwareDevelop/others/dev_M5Stack/CMakeFiles/CMakeTmp'
make: *** [Makefile:121: cmTC_3a587/fast] Error 2



Compiling the C compiler identification source file "CMakeCCompilerId.c" failed.
Compiler: /home/dieter/SoftwareDevelop/oxypoint-am/Prerequisites/xtensa/bin/xtensa-esp32-elf-gcc 
Build flags: 
Id flags:  

The output was:
1
/home/dieter/SoftwareDevelop/oxypoint-am/Prerequisites/xtensa/bin/../lib/gcc/xtensa-esp32-elf/5.2.0/../../../../xtensa-esp32-elf/bin/ld: cannot find crt1-sim.o: No such file or directory
/home/dieter/SoftwareDevelop/oxypoint-am/Prerequisites/xtensa/bin/../lib/gcc/xtensa-esp32-elf/5.2.0/../../../../xtensa-esp32-elf/bin/ld: cannot find _vectors.o: No such file or directory
/home/dieter/SoftwareDevelop/oxypoint-am/Prerequisites/xtensa/bin/../lib/gcc/xtensa-esp32-elf/5.2.0/../../../../xtensa-esp32-elf/bin/ld: cannot find -lsim
/home/dieter/SoftwareDevelop/oxypoint-am/Prerequisites/xtensa/bin/../lib/gcc/xtensa-esp32-elf/5.2.0/../../../../xtensa-esp32-elf/bin/ld: cannot find -lhandlers-sim
/home/dieter/SoftwareDevelop/oxypoint-am/Prerequisites/xtensa/bin/../lib/gcc/xtensa-esp32-elf/5.2.0/../../../../xtensa-esp32-elf/bin/ld: cannot find -lhal
collect2: error: ld returned 1 exit status


Compiling the CXX compiler identification source file "CMakeCXXCompilerId.cpp" failed.
Compiler: /home/dieter/SoftwareDevelop/oxypoint-am/Prerequisites/xtensa/bin/xtensa-esp32-elf-g++ 
Build flags: 
Id flags:  

The output was:
1
/home/dieter/SoftwareDevelop/oxypoint-am/Prerequisites/xtensa/bin/../lib/gcc/xtensa-esp32-elf/5.2.0/../../../../xtensa-esp32-elf/bin/ld: cannot find crt1-sim.o: No such file or directory
/home/dieter/SoftwareDevelop/oxypoint-am/Prerequisites/xtensa/bin/../lib/gcc/xtensa-esp32-elf/5.2.0/../../../../xtensa-esp32-elf/bin/ld: cannot find _vectors.o: No such file or directory
/home/dieter/SoftwareDevelop/oxypoint-am/Prerequisites/xtensa/bin/../lib/gcc/xtensa-esp32-elf/5.2.0/../../../../xtensa-esp32-elf/bin/ld: cannot find -lsim
/home/dieter/SoftwareDevelop/oxypoint-am/Prerequisites/xtensa/bin/../lib/gcc/xtensa-esp32-elf/5.2.0/../../../../xtensa-esp32-elf/bin/ld: cannot find -lhandlers-sim
/home/dieter/SoftwareDevelop/oxypoint-am/Prerequisites/xtensa/bin/../lib/gcc/xtensa-esp32-elf/5.2.0/../../../../xtensa-esp32-elf/bin/ld: cannot find -lhal
collect2: error: ld returned 1 exit status


Determining if the C compiler works failed with the following output:
Change Dir: /home/dieter/SoftwareDevelop/others/dev_M5Stack/CMakeFiles/CMakeTmp

Run Build Command(s):/usr/bin/make cmTC_6b186/fast && /usr/bin/make -f CMakeFiles/cmTC_6b186.dir/build.make CMakeFiles/cmTC_6b186.dir/build
make[1]: Entering directory '/home/dieter/SoftwareDevelop/others/dev_M5Stack/CMakeFiles/CMakeTmp'
Building C object CMakeFiles/cmTC_6b186.dir/testCCompiler.c.o
/home/dieter/SoftwareDevelop/oxypoint-am/Prerequisites/xtensa/bin/xtensa-esp32-elf-gcc    -o CMakeFiles/cmTC_6b186.dir/testCCompiler.c.o   -c /home/dieter/SoftwareDevelop/others/dev_M5Stack/CMakeFiles/CMakeTmp/testCCompiler.c
Linking C executable cmTC_6b186
/usr/bin/cmake -E cmake_link_script CMakeFiles/cmTC_6b186.dir/link.txt --verbose=1
/home/dieter/SoftwareDevelop/oxypoint-am/Prerequisites/xtensa/bin/xtensa-esp32-elf-gcc      CMakeFiles/cmTC_6b186.dir/testCCompiler.c.o  -o cmTC_6b186 
/home/dieter/SoftwareDevelop/oxypoint-am/Prerequisites/xtensa/bin/../lib/gcc/xtensa-esp32-elf/5.2.0/../../../../xtensa-esp32-elf/bin/ld: cannot find crt1-sim.o: No such file or directory
/home/dieter/SoftwareDevelop/oxypoint-am/Prerequisites/xtensa/bin/../lib/gcc/xtensa-esp32-elf/5.2.0/../../../../xtensa-esp32-elf/bin/ld: cannot find _vectors.o: No such file or directory
/home/dieter/SoftwareDevelop/oxypoint-am/Prerequisites/xtensa/bin/../lib/gcc/xtensa-esp32-elf/5.2.0/../../../../xtensa-esp32-elf/bin/ld: cannot find -lsim
/home/dieter/SoftwareDevelop/oxypoint-am/Prerequisites/xtensa/bin/../lib/gcc/xtensa-esp32-elf/5.2.0/../../../../xtensa-esp32-elf/bin/ld: cannot find -lhandlers-sim
/home/dieter/SoftwareDevelop/oxypoint-am/Prerequisites/xtensa/bin/../lib/gcc/xtensa-esp32-elf/5.2.0/../../../../xtensa-esp32-elf/bin/ld: cannot find -lhal
collect2: error: ld returned 1 exit status
make[1]: *** [CMakeFiles/cmTC_6b186.dir/build.make:87: cmTC_6b186] Error 1
make[1]: Leaving directory '/home/dieter/SoftwareDevelop/others/dev_M5Stack/CMakeFiles/CMakeTmp'
make: *** [Makefile:121: cmTC_6b186/fast] Error 2



Compiling the C compiler identification source file "CMakeCCompilerId.c" failed.
Compiler: /home/dieter/SoftwareDevelop/oxypoint-am/Prerequisites/xtensa/bin/xtensa-esp32-elf-gcc 
Build flags: 
Id flags:  

The output was:
1
/home/dieter/SoftwareDevelop/oxypoint-am/Prerequisites/xtensa/bin/../lib/gcc/xtensa-esp32-elf/5.2.0/../../../../xtensa-esp32-elf/bin/ld: cannot find crt1-sim.o: No such file or directory
/home/dieter/SoftwareDevelop/oxypoint-am/Prerequisites/xtensa/bin/../lib/gcc/xtensa-esp32-elf/5.2.0/../../../../xtensa-esp32-elf/bin/ld: cannot find _vectors.o: No such file or directory
/home/dieter/SoftwareDevelop/oxypoint-am/Prerequisites/xtensa/bin/../lib/gcc/xtensa-esp32-elf/5.2.0/../../../../xtensa-esp32-elf/bin/ld: cannot find -lsim
/home/dieter/SoftwareDevelop/oxypoint-am/Prerequisites/xtensa/bin/../lib/gcc/xtensa-esp32-elf/5.2.0/../../../../xtensa-esp32-elf/bin/ld: cannot find -lhandlers-sim
/home/dieter/SoftwareDevelop/oxypoint-am/Prerequisites/xtensa/bin/../lib/gcc/xtensa-esp32-elf/5.2.0/../../../../xtensa-esp32-elf/bin/ld: cannot find -lhal
collect2: error: ld returned 1 exit status


Compiling the CXX compiler identification source file "CMakeCXXCompilerId.cpp" failed.
Compiler: /home/dieter/SoftwareDevelop/oxypoint-am/Prerequisites/xtensa/bin/xtensa-esp32-elf-g++ 
Build flags: 
Id flags:  

The output was:
1
/home/dieter/SoftwareDevelop/oxypoint-am/Prerequisites/xtensa/bin/../lib/gcc/xtensa-esp32-elf/5.2.0/../../../../xtensa-esp32-elf/bin/ld: cannot find crt1-sim.o: No such file or directory
/home/dieter/SoftwareDevelop/oxypoint-am/Prerequisites/xtensa/bin/../lib/gcc/xtensa-esp32-elf/5.2.0/../../../../xtensa-esp32-elf/bin/ld: cannot find _vectors.o: No such file or directory
/home/dieter/SoftwareDevelop/oxypoint-am/Prerequisites/xtensa/bin/../lib/gcc/xtensa-esp32-elf/5.2.0/../../../../xtensa-esp32-elf/bin/ld: cannot find -lsim
/home/dieter/SoftwareDevelop/oxypoint-am/Prerequisites/xtensa/bin/../lib/gcc/xtensa-esp32-elf/5.2.0/../../../../xtensa-esp32-elf/bin/ld: cannot find -lhandlers-sim
/home/dieter/SoftwareDevelop/oxypoint-am/Prerequisites/xtensa/bin/../lib/gcc/xtensa-esp32-elf/5.2.0/../../../../xtensa-esp32-elf/bin/ld: cannot find -lhal
collect2: error: ld returned 1 exit status


Determining if the C compiler works failed with the following output:
Change Dir: /home/dieter/SoftwareDevelop/others/dev_M5Stack/CMakeFiles/CMakeTmp

Run Build Command(s):/usr/bin/make cmTC_91bb0/fast && /usr/bin/make -f CMakeFiles/cmTC_91bb0.dir/build.make CMakeFiles/cmTC_91bb0.dir/build
make[1]: Entering directory '/home/dieter/SoftwareDevelop/others/dev_M5Stack/CMakeFiles/CMakeTmp'
Building C object CMakeFiles/cmTC_91bb0.dir/testCCompiler.c.o
/home/dieter/SoftwareDevelop/oxypoint-am/Prerequisites/xtensa/bin/xtensa-esp32-elf-gcc    -o CMakeFiles/cmTC_91bb0.dir/testCCompiler.c.o   -c /home/dieter/SoftwareDevelop/others/dev_M5Stack/CMakeFiles/CMakeTmp/testCCompiler.c
Linking C executable cmTC_91bb0
/usr/bin/cmake -E cmake_link_script CMakeFiles/cmTC_91bb0.dir/link.txt --verbose=1
/home/dieter/SoftwareDevelop/oxypoint-am/Prerequisites/xtensa/bin/xtensa-esp32-elf-gcc      CMakeFiles/cmTC_91bb0.dir/testCCompiler.c.o  -o cmTC_91bb0 
/home/dieter/SoftwareDevelop/oxypoint-am/Prerequisites/xtensa/bin/../lib/gcc/xtensa-esp32-elf/5.2.0/../../../../xtensa-esp32-elf/bin/ld: cannot find crt1-sim.o: No such file or directory
/home/dieter/SoftwareDevelop/oxypoint-am/Prerequisites/xtensa/bin/../lib/gcc/xtensa-esp32-elf/5.2.0/../../../../xtensa-esp32-elf/bin/ld: cannot find _vectors.o: No such file or directory
/home/dieter/SoftwareDevelop/oxypoint-am/Prerequisites/xtensa/bin/../lib/gcc/xtensa-esp32-elf/5.2.0/../../../../xtensa-esp32-elf/bin/ld: cannot find -lsim
/home/dieter/SoftwareDevelop/oxypoint-am/Prerequisites/xtensa/bin/../lib/gcc/xtensa-esp32-elf/5.2.0/../../../../xtensa-esp32-elf/bin/ld: cannot find -lhandlers-sim
/home/dieter/SoftwareDevelop/oxypoint-am/Prerequisites/xtensa/bin/../lib/gcc/xtensa-esp32-elf/5.2.0/../../../../xtensa-esp32-elf/bin/ld: cannot find -lhal
collect2: error: ld returned 1 exit status
make[1]: *** [CMakeFiles/cmTC_91bb0.dir/build.make:87: cmTC_91bb0] Error 1
make[1]: Leaving directory '/home/dieter/SoftwareDevelop/others/dev_M5Stack/CMakeFiles/CMakeTmp'
make: *** [Makefile:121: cmTC_91bb0/fast] Error 2



