The system is: Linux - 5.2.0-8-generic - x86_64
Compiling the C compiler identification source file "CMakeCCompilerId.c" succeeded.
Compiler: /home/dieter/Development/xtensa-esp32-elf/bin/xtensa-esp32-elf-cc 
Build flags: 
Id flags: -c 

The output was:
0


Compilation of the C compiler identification source "CMakeCCompilerId.c" produced "CMakeCCompilerId.o"

The C compiler identification is GNU, found in "/home/dieter/Development/ProjektEi/CMakeFiles/3.13.4/CompilerIdC/CMakeCCompilerId.o"

Compiling the CXX compiler identification source file "CMakeCXXCompilerId.cpp" succeeded.
Compiler: /home/dieter/Development/xtensa-esp32-elf/bin/xtensa-esp32-elf-g++ 
Build flags: 
Id flags: -c 

The output was:
0


Compilation of the CXX compiler identification source "CMakeCXXCompilerId.cpp" produced "CMakeCXXCompilerId.o"

The CXX compiler identification is GNU, found in "/home/dieter/Development/ProjektEi/CMakeFiles/3.13.4/CompilerIdCXX/CMakeCXXCompilerId.o"

The system is: Linux - 5.4.0-29-generic - x86_64
Compiling the C compiler identification source file "CMakeCCompilerId.c" succeeded.
Compiler: /home/dieter/SoftwareDevelop/oxypoint-am/Prerequisites/xtensa/bin/xtensa-esp32-elf-cc 
Build flags: 
Id flags: -c 

The output was:
0


Compilation of the C compiler identification source "CMakeCCompilerId.c" produced "CMakeCCompilerId.o"

The C compiler identification is GNU, found in "/home/dieter/SoftwareDevelop/others/dev_M5Stack/CMakeFiles/3.16.3/CompilerIdC/CMakeCCompilerId.o"

Compiling the CXX compiler identification source file "CMakeCXXCompilerId.cpp" succeeded.
Compiler: /home/dieter/SoftwareDevelop/oxypoint-am/Prerequisites/xtensa/bin/xtensa-esp32-elf-g++ 
Build flags: 
Id flags: -c 

The output was:
0


Compilation of the CXX compiler identification source "CMakeCXXCompilerId.cpp" produced "CMakeCXXCompilerId.o"

The CXX compiler identification is GNU, found in "/home/dieter/SoftwareDevelop/others/dev_M5Stack/CMakeFiles/3.16.3/CompilerIdCXX/CMakeCXXCompilerId.o"

Compiling the C compiler identification source file "CMakeCCompilerId.c" succeeded.
Compiler: /home/dieter/SoftwareDevelop/oxypoint-am/Prerequisites/xtensa/bin/xtensa-esp32-elf-cc 
Build flags: 
Id flags: -c 

The output was:
0


Compilation of the C compiler identification source "CMakeCCompilerId.c" produced "CMakeCCompilerId.o"

The C compiler identification is GNU, found in "/home/dieter/SoftwareDevelop/others/dev_M5Stack/CMakeFiles/3.16.3/CompilerIdC/CMakeCCompilerId.o"

Compiling the CXX compiler identification source file "CMakeCXXCompilerId.cpp" succeeded.
Compiler: /home/dieter/SoftwareDevelop/oxypoint-am/Prerequisites/xtensa/bin/xtensa-esp32-elf-g++ 
Build flags: 
Id flags: -c 

The output was:
0


Compilation of the CXX compiler identification source "CMakeCXXCompilerId.cpp" produced "CMakeCXXCompilerId.o"

The CXX compiler identification is GNU, found in "/home/dieter/SoftwareDevelop/others/dev_M5Stack/CMakeFiles/3.16.3/CompilerIdCXX/CMakeCXXCompilerId.o"

Compiling the C compiler identification source file "CMakeCCompilerId.c" succeeded.
Compiler: /home/dieter/SoftwareDevelop/oxypoint-am/Prerequisites/xtensa/bin/xtensa-esp32-elf-gcc 
Build flags: 
Id flags: -c 

The output was:
0


Compilation of the C compiler identification source "CMakeCCompilerId.c" produced "CMakeCCompilerId.o"

The C compiler identification is GNU, found in "/home/dieter/SoftwareDevelop/others/dev_M5Stack/CMakeFiles/3.16.3/CompilerIdC/CMakeCCompilerId.o"

Compiling the CXX compiler identification source file "CMakeCXXCompilerId.cpp" succeeded.
Compiler: /home/dieter/SoftwareDevelop/oxypoint-am/Prerequisites/xtensa/bin/xtensa-esp32-elf-g++ 
Build flags: 
Id flags: -c 

The output was:
0


Compilation of the CXX compiler identification source "CMakeCXXCompilerId.cpp" produced "CMakeCXXCompilerId.o"

The CXX compiler identification is GNU, found in "/home/dieter/SoftwareDevelop/others/dev_M5Stack/CMakeFiles/3.16.3/CompilerIdCXX/CMakeCXXCompilerId.o"

Compiling the C compiler identification source file "CMakeCCompilerId.c" succeeded.
Compiler: /home/dieter/SoftwareDevelop/oxypoint-am/Prerequisites/xtensa/bin/xtensa-esp32-elf-gcc 
Build flags: 
Id flags: -c 

The output was:
0


Compilation of the C compiler identification source "CMakeCCompilerId.c" produced "CMakeCCompilerId.o"

The C compiler identification is GNU, found in "/home/dieter/SoftwareDevelop/others/dev_M5Stack/CMakeFiles/3.16.3/CompilerIdC/CMakeCCompilerId.o"

Compiling the CXX compiler identification source file "CMakeCXXCompilerId.cpp" succeeded.
Compiler: /home/dieter/SoftwareDevelop/oxypoint-am/Prerequisites/xtensa/bin/xtensa-esp32-elf-g++ 
Build flags: 
Id flags: -c 

The output was:
0


Compilation of the CXX compiler identification source "CMakeCXXCompilerId.cpp" produced "CMakeCXXCompilerId.o"

The CXX compiler identification is GNU, found in "/home/dieter/SoftwareDevelop/others/dev_M5Stack/CMakeFiles/3.16.3/CompilerIdCXX/CMakeCXXCompilerId.o"

Compiling the C compiler identification source file "CMakeCCompilerId.c" succeeded.
Compiler: /home/dieter/SoftwareDevelop/oxypoint-am/Prerequisites/xtensa/bin/xtensa-esp32-elf-gcc 
Build flags: 
Id flags: -c 

The output was:
0


Compilation of the C compiler identification source "CMakeCCompilerId.c" produced "CMakeCCompilerId.o"

The C compiler identification is GNU, found in "/home/dieter/SoftwareDevelop/others/dev_M5Stack/CMakeFiles/3.16.3/CompilerIdC/CMakeCCompilerId.o"

Compiling the CXX compiler identification source file "CMakeCXXCompilerId.cpp" succeeded.
Compiler: /home/dieter/SoftwareDevelop/oxypoint-am/Prerequisites/xtensa/bin/xtensa-esp32-elf-g++ 
Build flags: 
Id flags: -c 

The output was:
0


Compilation of the CXX compiler identification source "CMakeCXXCompilerId.cpp" produced "CMakeCXXCompilerId.o"

The CXX compiler identification is GNU, found in "/home/dieter/SoftwareDevelop/others/dev_M5Stack/CMakeFiles/3.16.3/CompilerIdCXX/CMakeCXXCompilerId.o"

